<?xml version="1.0" encoding="UTF-8"?>
<!-- Generated by org.testng.reporters.JUnitReportReporter -->
<testsuite skipped="0" hostname="DESKTOP-RIQP6QG" name="com.training.sanity.tests.Login_ELTC_006" tests="1" failures="0" timestamp="24 Oct 2019 11:54:07 GMT" time="11.301" errors="0">
  <testcase name="validLoginTest" time="11.301" classname="com.training.sanity.tests.Login_ELTC_006"/>
</testsuite> <!-- com.training.sanity.tests.Login_ELTC_006 -->
