<?xml version="1.0" encoding="UTF-8"?>
<!-- Generated by org.testng.reporters.JUnitReportReporter -->
<testsuite skipped="0" hostname="DESKTOP-RIQP6QG" name="com.training.sanity.tests.LostPassword_ELTC_004" tests="1" failures="0" timestamp="24 Oct 2019 11:59:53 GMT" time="15.606" errors="0">
  <testcase name="validLoginTest" time="15.606" classname="com.training.sanity.tests.LostPassword_ELTC_004"/>
</testsuite> <!-- com.training.sanity.tests.LostPassword_ELTC_004 -->
